# JRE version: Java(TM) SE Runtime Environment (8.0_121-b13) (build 1.8.0_121-b13)
# Java VM: Java HotSpot(TM) Client VM (25.121-b13 mixed mode windows-x86 )
Heap:
 def new generation   total 4928K, used 4441K [0x04400000, 0x04950000, 0x19950000)
  eden space 4416K,  91% used [0x04400000, 0x047ef678, 0x04850000)
  from space 512K,  80% used [0x048d0000, 0x04936fe0, 0x04950000)
  to   space 512K,   0% used [0x04850000, 0x04850000, 0x048d0000)
 tenured generation   total 10944K, used 3459K [0x19950000, 0x1a400000, 0x44400000)
   the space 10944K,  31% used [0x19950000, 0x19cb0d00, 0x19cb0e00, 0x1a400000)
 Metaspace       used 2503K, capacity 2536K, committed 2624K, reserved 4480K
GC Heap History (6 events):
Event: 0.169 GC heap before
{Heap before GC invocations=0 (full 0):
 def new generation   total 4928K, used 4267K [0x04400000, 0x04950000, 0x19950000)
  eden space 4416K,  96% used [0x04400000, 0x0482add0, 0x04850000)
  from space 512K,   0% used [0x04850000, 0x04850000, 0x048d0000)
  to   space 512K,   0% used [0x048d0000, 0x048d0000, 0x04950000)
 tenured generation   total 10944K, used 0K [0x19950000, 0x1a400000, 0x44400000)
   the space 10944K,   0% used [0x19950000, 0x19950000, 0x19950200, 0x1a400000)
 Metaspace       used 2361K, capacity 2406K, committed 2496K, reserved 4480K
Event: 0.171 GC heap after
Heap after GC invocations=1 (full 0):
 def new generation   total 4928K, used 512K [0x04400000, 0x04950000, 0x19950000)
  eden space 4416K,   0% used [0x04400000, 0x04400000, 0x04850000)
  from space 512K, 100% used [0x048d0000, 0x04950000, 0x04950000)
  to   space 512K,   0% used [0x04850000, 0x04850000, 0x048d0000)
 tenured generation   total 10944K, used 1305K [0x19950000, 0x1a400000, 0x44400000)
   the space 10944K,  11% used [0x19950000, 0x19a966f0, 0x19a96800, 0x1a400000)
 Metaspace       used 2361K, capacity 2406K, committed 2496K, reserved 4480K
}
Event: 0.185 GC heap before
{Heap before GC invocations=1 (full 0):
 def new generation   total 4928K, used 4627K [0x04400000, 0x04950000, 0x19950000)
  eden space 4416K,  93% used [0x04400000, 0x04804d60, 0x04850000)
  from space 512K, 100% used [0x048d0000, 0x04950000, 0x04950000)
  to   space 512K,   0% used [0x04850000, 0x04850000, 0x048d0000)
 tenured generation   total 10944K, used 1305K [0x19950000, 0x1a400000, 0x44400000)
   the space 10944K,  11% used [0x19950000, 0x19a966f0, 0x19a96800, 0x1a400000)
 Metaspace       used 2361K, capacity 2406K, committed 2496K, reserved 4480K
Event: 0.186 GC heap after
Heap after GC invocations=2 (full 0):
 def new generation   total 4928K, used 488K [0x04400000, 0x04950000, 0x19950000)
  eden space 4416K,   0% used [0x04400000, 0x04400000, 0x04850000)
  from space 512K,  95% used [0x04850000, 0x048ca118, 0x048d0000)
  to   space 512K,   0% used [0x048d0000, 0x048d0000, 0x04950000)
 tenured generation   total 10944K, used 2578K [0x19950000, 0x1a400000, 0x44400000)
   the space 10944K,  23% used [0x19950000, 0x19bd4b20, 0x19bd4c00, 0x1a400000)
 Metaspace       used 2361K, capacity 2406K, committed 2496K, reserved 4480K
}
Event: 0.205 GC heap before
{Heap before GC invocations=2 (full 0):
 def new generation   total 4928K, used 3975K [0x04400000, 0x04950000, 0x19950000)
  eden space 4416K,  78% used [0x04400000, 0x04767d70, 0x04850000)
  from space 512K,  95% used [0x04850000, 0x048ca118, 0x048d0000)
  to   space 512K,   0% used [0x048d0000, 0x048d0000, 0x04950000)
 tenured generation   total 10944K, used 2578K [0x19950000, 0x1a400000, 0x44400000)
   the space 10944K,  23% used [0x19950000, 0x19bd4b20, 0x19bd4c00, 0x1a400000)
 Metaspace       used 2463K, capacity 2470K, committed 2496K, reserved 4480K
Event: 0.205 GC heap after
Heap after GC invocations=3 (full 0):
 def new generation   total 4928K, used 411K [0x04400000, 0x04950000, 0x19950000)
  eden space 4416K,   0% used [0x04400000, 0x04400000, 0x04850000)
  from space 512K,  80% used [0x048d0000, 0x04936fe0, 0x04950000)
  to   space 512K,   0% used [0x04850000, 0x04850000, 0x048d0000)
 tenured generation   total 10944K, used 3459K [0x19950000, 0x1a400000, 0x44400000)
   the space 10944K,  31% used [0x19950000, 0x19cb0d00, 0x19cb0e00, 0x1a400000)
 Metaspace       used 2463K, capacity 2470K, committed 2496K, reserved 4480K
}

